Key.ctrl_l
'\x16'
Key.enter
Key.ctrl_l
'\x16'
Key.ctrl_l
'\x16'
'g'
'i'
'y'
Key.backspace
Key.backspace
't'
Key.space
Key.backspace
Key.backspace
'i'
't'
Key.space
'a'
'd'
'd'
Key.space
'.'
Key.enter
'g'
'i'
't'
Key.space
'c'
'o'
'm'
'm'
'i'
't'
Key.space
Key.shift_r
'"'
'"'
Key.left
Key.shift
Key.shift
Key.shift
Key.shift
Key.shift
Key.shift
Key.shift
Key.shift
Key.shift
Key.shift
Key.shift
Key.shift
Key.shift
Key.shift
Key.shift
Key.shift
Key.shift
Key.shift
Key.shift
Key.shift
Key.shift
Key.shift
Key.shift
Key.shift
Key.shift
Key.shift
Key.shift
Key.shift
Key.shift
Key.shift
Key.shift
Key.shift
Key.shift
Key.shift
Key.shift
Key.shift
Key.shift
Key.shift
Key.shift
Key.shift
Key.shift
Key.shift
Key.shift
Key.shift
Key.shift
Key.shift
'E'
'A'
'S'
'Y'
Key.space
'C'
'O'
'D'
'e'
Key.right
Key.enter
Key.ctrl_l
'\x03'
Key.ctrl_l
'\x16'
Key.space
Key.shift_r
Key.shift_r
Key.shift_r
Key.shift_r
Key.shift_r
Key.shift_r
Key.shift_r
Key.shift_r
Key.shift_r
Key.shift_r
Key.shift_r
Key.shift_r
Key.shift_r
Key.shift_r
'('
Key.backspace
Key.alt_l
Key.shift
Key.shift_r
Key.shift_r
'('
Key.enter
Key.ctrl_l
Key.ctrl_l
Key.ctrl_l
Key.ctrl_l
Key.ctrl_l
Key.ctrl_l
Key.ctrl_l
Key.ctrl_l
'\x03'
Key.ctrl_l
'\x16'
Key.left
Key.left
Key.left
Key.left
Key.left
Key.left
Key.left
Key.left
Key.left
Key.left
Key.left
Key.left
Key.space
Key.shift_r
Key.shift_r
Key.shift_r
Key.shift_r
Key.shift_r
Key.shift_r
Key.shift_r
Key.shift_r
Key.shift_r
'('
Key.enter
'k'
'a'
'l'
'i'
'c'
'd'
Key.space
'u'
's'
Key.backspace
Key.backspace
Key.shift
Key.shift
Key.shift
Key.shift
Key.shift
Key.shift
Key.shift
Key.shift
Key.shift
Key.shift
Key.shift
Key.shift
Key.shift
Key.shift
Key.shift
Key.shift
Key.shift
Key.shift
Key.shift
Key.shift
Key.shift
Key.shift
Key.shift
Key.shift
Key.shift
Key.shift
Key.shift
Key.shift
Key.shift
Key.shift
Key.shift
Key.shift
Key.shift
Key.shift
Key.shift
Key.shift
Key.shift
Key.shift
Key.shift
Key.shift
Key.shift
Key.shift
Key.shift
Key.shift
'U'
'S'
'U'
Key.backspace
Key.backspace
's'
'u'
'a'
'r'
'i'
'o'
's'
Key.enter
'c'
'd'
Key.space
'u'
's'
'e'
'r'
's'
Key.enter
'c'
'd'
Key.space
'u'
's'
'e'
'r'
Key.enter
Key.ctrl_l
'\x03'
'c'
'd'
Key.space
Key.ctrl_l
'\x16'
Key.enter
'd'
Key.enter
Key.ctrl_l
'\x03'
'c'
'd'
Key.space
Key.ctrl_l
'\x16'
Key.enter
'c'
'd'
Key.space
Key.up
Key.up
Key.up
Key.down
Key.backspace
Key.backspace
Key.backspace
Key.backspace
Key.backspace
Key.backspace
Key.backspace
Key.backspace
Key.backspace
'c'
'd'
Key.space
Key.up
Key.up
